
*** Running vivado
    with args -log dec_3_8.vds -m64 -mode batch -messageDb vivado.pb -notrace -source dec_3_8.tcl


****** Vivado v2015.2 (64-bit)
  **** SW Build 1266856 on Fri Jun 26 16:35:25 MDT 2015
  **** IP Build 1264090 on Wed Jun 24 14:22:01 MDT 2015
    ** Copyright 1986-2015 Xilinx, Inc. All Rights Reserved.

source dec_3_8.tcl -notrace
Command: synth_design -top dec_3_8 -part xc7a35ticpg236-1L
Starting synth_design
Attempting to get a license for feature 'Synthesis' and/or device 'xc7a35ti'
INFO: [Common 17-349] Got license for feature 'Synthesis' and/or device 'xc7a35ti'
INFO: [Common 17-1223] The version limit for your license is '2015.09' and will expire in 14 days. A version limit expiration means that, although you may be able to continue to use the current version of tools or IP with this license, you will not be eligible for any updates or new releases.
---------------------------------------------------------------------------------
Starting RTL Elaboration : Time (s): cpu = 00:00:05 ; elapsed = 00:00:07 . Memory (MB): peak = 262.770 ; gain = 86.441
---------------------------------------------------------------------------------
INFO: [Synth 8-638] synthesizing module 'dec_3_8' [C:/Users/brandonwynne/Documents/IU/b441-submissions/Lab04/Lab04.srcs/sources_1/new/main.v:47]
INFO: [Synth 8-638] synthesizing module 'dec_2_4' [C:/Users/brandonwynne/Documents/IU/b441-submissions/Lab04/Lab04.srcs/sources_1/new/main.v:31]
INFO: [Synth 8-256] done synthesizing module 'dec_2_4' (1#1) [C:/Users/brandonwynne/Documents/IU/b441-submissions/Lab04/Lab04.srcs/sources_1/new/main.v:31]
INFO: [Synth 8-256] done synthesizing module 'dec_3_8' (2#1) [C:/Users/brandonwynne/Documents/IU/b441-submissions/Lab04/Lab04.srcs/sources_1/new/main.v:47]
---------------------------------------------------------------------------------
Finished RTL Elaboration : Time (s): cpu = 00:00:06 ; elapsed = 00:00:08 . Memory (MB): peak = 297.086 ; gain = 120.758
---------------------------------------------------------------------------------

Report Check Netlist: 
+------+------------------+-------+---------+-------+------------------+
|      |Item              |Errors |Warnings |Status |Description       |
+------+------------------+-------+---------+-------+------------------+
|1     |multi_driven_nets |      0|        0|Passed |Multi driven nets |
+------+------------------+-------+---------+-------+------------------+
---------------------------------------------------------------------------------
Finished RTL Optimization Phase 1 : Time (s): cpu = 00:00:06 ; elapsed = 00:00:08 . Memory (MB): peak = 297.086 ; gain = 120.758
---------------------------------------------------------------------------------
INFO: [Device 21-403] Loading part xc7a35ticpg236-1L
INFO: [Project 1-570] Preparing netlist for logic optimization

Processing XDC Constraints
Initializing timing engine
Parsing XDC File [C:/Users/brandonwynne/Documents/IU/b441-submissions/Lab04/Lab04.srcs/constrs_1/new/main.xdc]
WARNING: [Vivado 12-584] No ports matched 'B0'. [C:/Users/brandonwynne/Documents/IU/b441-submissions/Lab04/Lab04.srcs/constrs_1/new/main.xdc:35]
CRITICAL WARNING: [Common 17-55] 'set_property' expects at least one object. [C:/Users/brandonwynne/Documents/IU/b441-submissions/Lab04/Lab04.srcs/constrs_1/new/main.xdc:35]
Resolution: If [get_<value>] was used to populate the object, check to make sure this command returns at least one valid object.
WARNING: [Vivado 12-584] No ports matched 'B0'. [C:/Users/brandonwynne/Documents/IU/b441-submissions/Lab04/Lab04.srcs/constrs_1/new/main.xdc:36]
CRITICAL WARNING: [Common 17-55] 'set_property' expects at least one object. [C:/Users/brandonwynne/Documents/IU/b441-submissions/Lab04/Lab04.srcs/constrs_1/new/main.xdc:36]
Resolution: If [get_<value>] was used to populate the object, check to make sure this command returns at least one valid object.
WARNING: [Vivado 12-584] No ports matched 'B1'. [C:/Users/brandonwynne/Documents/IU/b441-submissions/Lab04/Lab04.srcs/constrs_1/new/main.xdc:37]
CRITICAL WARNING: [Common 17-55] 'set_property' expects at least one object. [C:/Users/brandonwynne/Documents/IU/b441-submissions/Lab04/Lab04.srcs/constrs_1/new/main.xdc:37]
Resolution: If [get_<value>] was used to populate the object, check to make sure this command returns at least one valid object.
WARNING: [Vivado 12-584] No ports matched 'B1'. [C:/Users/brandonwynne/Documents/IU/b441-submissions/Lab04/Lab04.srcs/constrs_1/new/main.xdc:38]
CRITICAL WARNING: [Common 17-55] 'set_property' expects at least one object. [C:/Users/brandonwynne/Documents/IU/b441-submissions/Lab04/Lab04.srcs/constrs_1/new/main.xdc:38]
Resolution: If [get_<value>] was used to populate the object, check to make sure this command returns at least one valid object.
WARNING: [Vivado 12-584] No ports matched 'B2'. [C:/Users/brandonwynne/Documents/IU/b441-submissions/Lab04/Lab04.srcs/constrs_1/new/main.xdc:39]
CRITICAL WARNING: [Common 17-55] 'set_property' expects at least one object. [C:/Users/brandonwynne/Documents/IU/b441-submissions/Lab04/Lab04.srcs/constrs_1/new/main.xdc:39]
Resolution: If [get_<value>] was used to populate the object, check to make sure this command returns at least one valid object.
WARNING: [Vivado 12-584] No ports matched 'B2'. [C:/Users/brandonwynne/Documents/IU/b441-submissions/Lab04/Lab04.srcs/constrs_1/new/main.xdc:40]
CRITICAL WARNING: [Common 17-55] 'set_property' expects at least one object. [C:/Users/brandonwynne/Documents/IU/b441-submissions/Lab04/Lab04.srcs/constrs_1/new/main.xdc:40]
Resolution: If [get_<value>] was used to populate the object, check to make sure this command returns at least one valid object.
WARNING: [Vivado 12-584] No ports matched 'B3'. [C:/Users/brandonwynne/Documents/IU/b441-submissions/Lab04/Lab04.srcs/constrs_1/new/main.xdc:41]
CRITICAL WARNING: [Common 17-55] 'set_property' expects at least one object. [C:/Users/brandonwynne/Documents/IU/b441-submissions/Lab04/Lab04.srcs/constrs_1/new/main.xdc:41]
Resolution: If [get_<value>] was used to populate the object, check to make sure this command returns at least one valid object.
WARNING: [Vivado 12-584] No ports matched 'B3'. [C:/Users/brandonwynne/Documents/IU/b441-submissions/Lab04/Lab04.srcs/constrs_1/new/main.xdc:42]
CRITICAL WARNING: [Common 17-55] 'set_property' expects at least one object. [C:/Users/brandonwynne/Documents/IU/b441-submissions/Lab04/Lab04.srcs/constrs_1/new/main.xdc:42]
Resolution: If [get_<value>] was used to populate the object, check to make sure this command returns at least one valid object.
WARNING: [Vivado 12-584] No ports matched 'A0'. [C:/Users/brandonwynne/Documents/IU/b441-submissions/Lab04/Lab04.srcs/constrs_1/new/main.xdc:43]
CRITICAL WARNING: [Common 17-55] 'set_property' expects at least one object. [C:/Users/brandonwynne/Documents/IU/b441-submissions/Lab04/Lab04.srcs/constrs_1/new/main.xdc:43]
Resolution: If [get_<value>] was used to populate the object, check to make sure this command returns at least one valid object.
WARNING: [Vivado 12-584] No ports matched 'A0'. [C:/Users/brandonwynne/Documents/IU/b441-submissions/Lab04/Lab04.srcs/constrs_1/new/main.xdc:44]
CRITICAL WARNING: [Common 17-55] 'set_property' expects at least one object. [C:/Users/brandonwynne/Documents/IU/b441-submissions/Lab04/Lab04.srcs/constrs_1/new/main.xdc:44]
Resolution: If [get_<value>] was used to populate the object, check to make sure this command returns at least one valid object.
WARNING: [Vivado 12-584] No ports matched 'A1'. [C:/Users/brandonwynne/Documents/IU/b441-submissions/Lab04/Lab04.srcs/constrs_1/new/main.xdc:45]
CRITICAL WARNING: [Common 17-55] 'set_property' expects at least one object. [C:/Users/brandonwynne/Documents/IU/b441-submissions/Lab04/Lab04.srcs/constrs_1/new/main.xdc:45]
Resolution: If [get_<value>] was used to populate the object, check to make sure this command returns at least one valid object.
WARNING: [Vivado 12-584] No ports matched 'A1'. [C:/Users/brandonwynne/Documents/IU/b441-submissions/Lab04/Lab04.srcs/constrs_1/new/main.xdc:46]
CRITICAL WARNING: [Common 17-55] 'set_property' expects at least one object. [C:/Users/brandonwynne/Documents/IU/b441-submissions/Lab04/Lab04.srcs/constrs_1/new/main.xdc:46]
Resolution: If [get_<value>] was used to populate the object, check to make sure this command returns at least one valid object.
WARNING: [Vivado 12-584] No ports matched 'A2'. [C:/Users/brandonwynne/Documents/IU/b441-submissions/Lab04/Lab04.srcs/constrs_1/new/main.xdc:47]
CRITICAL WARNING: [Common 17-55] 'set_property' expects at least one object. [C:/Users/brandonwynne/Documents/IU/b441-submissions/Lab04/Lab04.srcs/constrs_1/new/main.xdc:47]
Resolution: If [get_<value>] was used to populate the object, check to make sure this command returns at least one valid object.
WARNING: [Vivado 12-584] No ports matched 'A2'. [C:/Users/brandonwynne/Documents/IU/b441-submissions/Lab04/Lab04.srcs/constrs_1/new/main.xdc:48]
CRITICAL WARNING: [Common 17-55] 'set_property' expects at least one object. [C:/Users/brandonwynne/Documents/IU/b441-submissions/Lab04/Lab04.srcs/constrs_1/new/main.xdc:48]
Resolution: If [get_<value>] was used to populate the object, check to make sure this command returns at least one valid object.
WARNING: [Vivado 12-584] No ports matched 'A3'. [C:/Users/brandonwynne/Documents/IU/b441-submissions/Lab04/Lab04.srcs/constrs_1/new/main.xdc:49]
CRITICAL WARNING: [Common 17-55] 'set_property' expects at least one object. [C:/Users/brandonwynne/Documents/IU/b441-submissions/Lab04/Lab04.srcs/constrs_1/new/main.xdc:49]
Resolution: If [get_<value>] was used to populate the object, check to make sure this command returns at least one valid object.
WARNING: [Vivado 12-584] No ports matched 'A3'. [C:/Users/brandonwynne/Documents/IU/b441-submissions/Lab04/Lab04.srcs/constrs_1/new/main.xdc:50]
CRITICAL WARNING: [Common 17-55] 'set_property' expects at least one object. [C:/Users/brandonwynne/Documents/IU/b441-submissions/Lab04/Lab04.srcs/constrs_1/new/main.xdc:50]
Resolution: If [get_<value>] was used to populate the object, check to make sure this command returns at least one valid object.
WARNING: [Vivado 12-584] No ports matched 'C_IN'. [C:/Users/brandonwynne/Documents/IU/b441-submissions/Lab04/Lab04.srcs/constrs_1/new/main.xdc:51]
CRITICAL WARNING: [Common 17-55] 'set_property' expects at least one object. [C:/Users/brandonwynne/Documents/IU/b441-submissions/Lab04/Lab04.srcs/constrs_1/new/main.xdc:51]
Resolution: If [get_<value>] was used to populate the object, check to make sure this command returns at least one valid object.
WARNING: [Vivado 12-584] No ports matched 'C_IN'. [C:/Users/brandonwynne/Documents/IU/b441-submissions/Lab04/Lab04.srcs/constrs_1/new/main.xdc:52]
CRITICAL WARNING: [Common 17-55] 'set_property' expects at least one object. [C:/Users/brandonwynne/Documents/IU/b441-submissions/Lab04/Lab04.srcs/constrs_1/new/main.xdc:52]
Resolution: If [get_<value>] was used to populate the object, check to make sure this command returns at least one valid object.
WARNING: [Vivado 12-584] No ports matched 'S0'. [C:/Users/brandonwynne/Documents/IU/b441-submissions/Lab04/Lab04.srcs/constrs_1/new/main.xdc:55]
CRITICAL WARNING: [Common 17-55] 'set_property' expects at least one object. [C:/Users/brandonwynne/Documents/IU/b441-submissions/Lab04/Lab04.srcs/constrs_1/new/main.xdc:55]
Resolution: If [get_<value>] was used to populate the object, check to make sure this command returns at least one valid object.
WARNING: [Vivado 12-584] No ports matched 'S0'. [C:/Users/brandonwynne/Documents/IU/b441-submissions/Lab04/Lab04.srcs/constrs_1/new/main.xdc:56]
CRITICAL WARNING: [Common 17-55] 'set_property' expects at least one object. [C:/Users/brandonwynne/Documents/IU/b441-submissions/Lab04/Lab04.srcs/constrs_1/new/main.xdc:56]
Resolution: If [get_<value>] was used to populate the object, check to make sure this command returns at least one valid object.
WARNING: [Vivado 12-584] No ports matched 'S1'. [C:/Users/brandonwynne/Documents/IU/b441-submissions/Lab04/Lab04.srcs/constrs_1/new/main.xdc:57]
CRITICAL WARNING: [Common 17-55] 'set_property' expects at least one object. [C:/Users/brandonwynne/Documents/IU/b441-submissions/Lab04/Lab04.srcs/constrs_1/new/main.xdc:57]
Resolution: If [get_<value>] was used to populate the object, check to make sure this command returns at least one valid object.
WARNING: [Vivado 12-584] No ports matched 'S1'. [C:/Users/brandonwynne/Documents/IU/b441-submissions/Lab04/Lab04.srcs/constrs_1/new/main.xdc:58]
CRITICAL WARNING: [Common 17-55] 'set_property' expects at least one object. [C:/Users/brandonwynne/Documents/IU/b441-submissions/Lab04/Lab04.srcs/constrs_1/new/main.xdc:58]
Resolution: If [get_<value>] was used to populate the object, check to make sure this command returns at least one valid object.
WARNING: [Vivado 12-584] No ports matched 'S2'. [C:/Users/brandonwynne/Documents/IU/b441-submissions/Lab04/Lab04.srcs/constrs_1/new/main.xdc:59]
CRITICAL WARNING: [Common 17-55] 'set_property' expects at least one object. [C:/Users/brandonwynne/Documents/IU/b441-submissions/Lab04/Lab04.srcs/constrs_1/new/main.xdc:59]
Resolution: If [get_<value>] was used to populate the object, check to make sure this command returns at least one valid object.
WARNING: [Vivado 12-584] No ports matched 'S2'. [C:/Users/brandonwynne/Documents/IU/b441-submissions/Lab04/Lab04.srcs/constrs_1/new/main.xdc:60]
CRITICAL WARNING: [Common 17-55] 'set_property' expects at least one object. [C:/Users/brandonwynne/Documents/IU/b441-submissions/Lab04/Lab04.srcs/constrs_1/new/main.xdc:60]
Resolution: If [get_<value>] was used to populate the object, check to make sure this command returns at least one valid object.
WARNING: [Vivado 12-584] No ports matched 'S3'. [C:/Users/brandonwynne/Documents/IU/b441-submissions/Lab04/Lab04.srcs/constrs_1/new/main.xdc:61]
CRITICAL WARNING: [Common 17-55] 'set_property' expects at least one object. [C:/Users/brandonwynne/Documents/IU/b441-submissions/Lab04/Lab04.srcs/constrs_1/new/main.xdc:61]
Resolution: If [get_<value>] was used to populate the object, check to make sure this command returns at least one valid object.
WARNING: [Vivado 12-584] No ports matched 'S3'. [C:/Users/brandonwynne/Documents/IU/b441-submissions/Lab04/Lab04.srcs/constrs_1/new/main.xdc:62]
CRITICAL WARNING: [Common 17-55] 'set_property' expects at least one object. [C:/Users/brandonwynne/Documents/IU/b441-submissions/Lab04/Lab04.srcs/constrs_1/new/main.xdc:62]
Resolution: If [get_<value>] was used to populate the object, check to make sure this command returns at least one valid object.
WARNING: [Vivado 12-584] No ports matched 'C_OUT'. [C:/Users/brandonwynne/Documents/IU/b441-submissions/Lab04/Lab04.srcs/constrs_1/new/main.xdc:63]
CRITICAL WARNING: [Common 17-55] 'set_property' expects at least one object. [C:/Users/brandonwynne/Documents/IU/b441-submissions/Lab04/Lab04.srcs/constrs_1/new/main.xdc:63]
Resolution: If [get_<value>] was used to populate the object, check to make sure this command returns at least one valid object.
WARNING: [Vivado 12-584] No ports matched 'C_OUT'. [C:/Users/brandonwynne/Documents/IU/b441-submissions/Lab04/Lab04.srcs/constrs_1/new/main.xdc:64]
CRITICAL WARNING: [Common 17-55] 'set_property' expects at least one object. [C:/Users/brandonwynne/Documents/IU/b441-submissions/Lab04/Lab04.srcs/constrs_1/new/main.xdc:64]
Resolution: If [get_<value>] was used to populate the object, check to make sure this command returns at least one valid object.
Finished Parsing XDC File [C:/Users/brandonwynne/Documents/IU/b441-submissions/Lab04/Lab04.srcs/constrs_1/new/main.xdc]
Completed Processing XDC Constraints

INFO: [Project 1-111] Unisim Transformation Summary:
No Unisim elements were transformed.

Constraint Validation Runtime : Time (s): cpu = 00:00:00 ; elapsed = 00:00:00 . Memory (MB): peak = 553.602 ; gain = 0.000
---------------------------------------------------------------------------------
Finished Constraint Validation : Time (s): cpu = 00:00:14 ; elapsed = 00:00:16 . Memory (MB): peak = 553.602 ; gain = 377.273
---------------------------------------------------------------------------------
---------------------------------------------------------------------------------
Start Loading Part and Timing Information
---------------------------------------------------------------------------------
Loading part: xc7a35ticpg236-1L
---------------------------------------------------------------------------------
Finished Loading Part and Timing Information : Time (s): cpu = 00:00:14 ; elapsed = 00:00:16 . Memory (MB): peak = 553.602 ; gain = 377.273
---------------------------------------------------------------------------------
---------------------------------------------------------------------------------
Start Applying 'set_property' XDC Constraints
---------------------------------------------------------------------------------
---------------------------------------------------------------------------------
Finished applying 'set_property' XDC Constraints : Time (s): cpu = 00:00:14 ; elapsed = 00:00:16 . Memory (MB): peak = 553.602 ; gain = 377.273
---------------------------------------------------------------------------------
---------------------------------------------------------------------------------
Finished RTL Optimization Phase 2 : Time (s): cpu = 00:00:14 ; elapsed = 00:00:17 . Memory (MB): peak = 553.602 ; gain = 377.273
---------------------------------------------------------------------------------

Report RTL Partitions: 
+-+--------------+------------+----------+
| |RTL Partition |Replication |Instances |
+-+--------------+------------+----------+
+-+--------------+------------+----------+
---------------------------------------------------------------------------------
Start RTL Component Statistics 
---------------------------------------------------------------------------------
Detailed RTL Component Info : 
---------------------------------------------------------------------------------
Finished RTL Component Statistics 
---------------------------------------------------------------------------------
---------------------------------------------------------------------------------
Start RTL Hierarchical Component Statistics 
---------------------------------------------------------------------------------
Hierarchical RTL Component report 
---------------------------------------------------------------------------------
Finished RTL Hierarchical Component Statistics
---------------------------------------------------------------------------------
---------------------------------------------------------------------------------
Start Part Resource Summary
---------------------------------------------------------------------------------
Part Resources:
DSPs: 120 (col length:60)
BRAMs: 150 (col length: RAMB18 60 RAMB36 30)
---------------------------------------------------------------------------------
Finished Part Resource Summary
---------------------------------------------------------------------------------
Start Parallel Synthesis Optimization  : Time (s): cpu = 00:00:14 ; elapsed = 00:00:17 . Memory (MB): peak = 553.602 ; gain = 377.273
---------------------------------------------------------------------------------
Start Cross Boundary Optimization
---------------------------------------------------------------------------------
---------------------------------------------------------------------------------
Finished Cross Boundary Optimization : Time (s): cpu = 00:00:14 ; elapsed = 00:00:17 . Memory (MB): peak = 553.602 ; gain = 377.273
---------------------------------------------------------------------------------
Finished Parallel Reinference  : Time (s): cpu = 00:00:14 ; elapsed = 00:00:17 . Memory (MB): peak = 553.602 ; gain = 377.273

Report RTL Partitions: 
+-+--------------+------------+----------+
| |RTL Partition |Replication |Instances |
+-+--------------+------------+----------+
+-+--------------+------------+----------+
---------------------------------------------------------------------------------
Start Area Optimization
---------------------------------------------------------------------------------
---------------------------------------------------------------------------------
Finished Area Optimization : Time (s): cpu = 00:00:14 ; elapsed = 00:00:17 . Memory (MB): peak = 553.602 ; gain = 377.273
---------------------------------------------------------------------------------
Finished Parallel Area Optimization  : Time (s): cpu = 00:00:14 ; elapsed = 00:00:17 . Memory (MB): peak = 553.602 ; gain = 377.273

Report RTL Partitions: 
+-+--------------+------------+----------+
| |RTL Partition |Replication |Instances |
+-+--------------+------------+----------+
+-+--------------+------------+----------+
Finished Parallel Synthesis Optimization  : Time (s): cpu = 00:00:14 ; elapsed = 00:00:17 . Memory (MB): peak = 553.602 ; gain = 377.273
---------------------------------------------------------------------------------
Start Timing Optimization
---------------------------------------------------------------------------------
---------------------------------------------------------------------------------
Start Applying XDC Timing Constraints
---------------------------------------------------------------------------------
---------------------------------------------------------------------------------
Finished Applying XDC Timing Constraints : Time (s): cpu = 00:00:28 ; elapsed = 00:00:31 . Memory (MB): peak = 553.602 ; gain = 377.273
---------------------------------------------------------------------------------
---------------------------------------------------------------------------------
Finished Timing Optimization : Time (s): cpu = 00:00:28 ; elapsed = 00:00:31 . Memory (MB): peak = 553.602 ; gain = 377.273
---------------------------------------------------------------------------------

Report RTL Partitions: 
+-+--------------+------------+----------+
| |RTL Partition |Replication |Instances |
+-+--------------+------------+----------+
+-+--------------+------------+----------+
---------------------------------------------------------------------------------
Start Technology Mapping
---------------------------------------------------------------------------------
---------------------------------------------------------------------------------
Finished Technology Mapping : Time (s): cpu = 00:00:28 ; elapsed = 00:00:31 . Memory (MB): peak = 559.203 ; gain = 382.875
---------------------------------------------------------------------------------

Report RTL Partitions: 
+-+--------------+------------+----------+
| |RTL Partition |Replication |Instances |
+-+--------------+------------+----------+
+-+--------------+------------+----------+
---------------------------------------------------------------------------------
Start IO Insertion
---------------------------------------------------------------------------------
---------------------------------------------------------------------------------
Start Final Netlist Cleanup
---------------------------------------------------------------------------------
---------------------------------------------------------------------------------
Finished Final Netlist Cleanup
---------------------------------------------------------------------------------
---------------------------------------------------------------------------------
Finished IO Insertion : Time (s): cpu = 00:00:29 ; elapsed = 00:00:31 . Memory (MB): peak = 559.203 ; gain = 382.875
---------------------------------------------------------------------------------

Report Check Netlist: 
+------+------------------+-------+---------+-------+------------------+
|      |Item              |Errors |Warnings |Status |Description       |
+------+------------------+-------+---------+-------+------------------+
|1     |multi_driven_nets |      0|        0|Passed |Multi driven nets |
+------+------------------+-------+---------+-------+------------------+
---------------------------------------------------------------------------------
Start Renaming Generated Instances
---------------------------------------------------------------------------------
---------------------------------------------------------------------------------
Finished Renaming Generated Instances : Time (s): cpu = 00:00:29 ; elapsed = 00:00:31 . Memory (MB): peak = 559.203 ; gain = 382.875
---------------------------------------------------------------------------------

Report RTL Partitions: 
+-+--------------+------------+----------+
| |RTL Partition |Replication |Instances |
+-+--------------+------------+----------+
+-+--------------+------------+----------+
---------------------------------------------------------------------------------
Start Rebuilding User Hierarchy
---------------------------------------------------------------------------------
---------------------------------------------------------------------------------
Finished Rebuilding User Hierarchy : Time (s): cpu = 00:00:29 ; elapsed = 00:00:31 . Memory (MB): peak = 559.203 ; gain = 382.875
---------------------------------------------------------------------------------
---------------------------------------------------------------------------------
Start Renaming Generated Ports : Time (s): cpu = 00:00:29 ; elapsed = 00:00:31 . Memory (MB): peak = 559.203 ; gain = 382.875
---------------------------------------------------------------------------------
---------------------------------------------------------------------------------
Finished Renaming Generated Ports : Time (s): cpu = 00:00:29 ; elapsed = 00:00:31 . Memory (MB): peak = 559.203 ; gain = 382.875
---------------------------------------------------------------------------------
---------------------------------------------------------------------------------
Start Writing Synthesis Report
---------------------------------------------------------------------------------

Report BlackBoxes: 
+-+--------------+----------+
| |BlackBox name |Instances |
+-+--------------+----------+
+-+--------------+----------+

Report Cell Usage: 
+------+-----+------+
|      |Cell |Count |
+------+-----+------+
|1     |LUT3 |     8|
|2     |IBUF |     3|
|3     |OBUF |     8|
+------+-----+------+

Report Instance Areas: 
+------+---------+-------+------+
|      |Instance |Module |Cells |
+------+---------+-------+------+
|1     |top      |       |    19|
+------+---------+-------+------+
---------------------------------------------------------------------------------
Finished Writing Synthesis Report : Time (s): cpu = 00:00:29 ; elapsed = 00:00:31 . Memory (MB): peak = 559.203 ; gain = 382.875
---------------------------------------------------------------------------------
Synthesis finished with 0 errors, 0 critical warnings and 0 warnings.
Synthesis Optimization Runtime : Time (s): cpu = 00:00:18 ; elapsed = 00:00:22 . Memory (MB): peak = 559.203 ; gain = 89.840
Synthesis Optimization Complete : Time (s): cpu = 00:00:29 ; elapsed = 00:00:32 . Memory (MB): peak = 559.203 ; gain = 382.875
INFO: [Project 1-571] Translating synthesized netlist
INFO: [Netlist 29-17] Analyzing 3 Unisim elements for replacement
INFO: [Netlist 29-28] Unisim Transformation completed in 0 CPU seconds
INFO: [Project 1-570] Preparing netlist for logic optimization
INFO: [Opt 31-138] Pushed 0 inverter(s) to 0 load pin(s).
INFO: [Project 1-111] Unisim Transformation Summary:
No Unisim elements were transformed.

INFO: [Common 17-83] Releasing license: Synthesis
16 Infos, 28 Warnings, 28 Critical Warnings and 0 Errors encountered.
synth_design completed successfully
synth_design: Time (s): cpu = 00:00:28 ; elapsed = 00:00:29 . Memory (MB): peak = 559.203 ; gain = 350.816
report_utilization: Time (s): cpu = 00:00:00 ; elapsed = 00:00:00.078 . Memory (MB): peak = 559.203 ; gain = 0.000
INFO: [Common 17-206] Exiting Vivado at Wed Sep 16 20:53:00 2015...
