Copyright 1986-2015 Xilinx, Inc. All Rights Reserved.
--------------------------------------------------------------------------------------
| Tool Version : Vivado v.2015.2 (win64) Build 1266856 Fri Jun 26 16:35:25 MDT 2015
| Date         : Wed Nov 04 17:55:18 2015
| Host         : BRANDONWYNNC42A running 64-bit major release  (build 9200)
| Command      : report_control_sets -verbose -file SPI_Slave_control_sets_placed.rpt
| Design       : SPI_Slave
| Device       : xc7a35ti
--------------------------------------------------------------------------------------

Control Set Information

Table of Contents
-----------------
1. Summary
2. Flip-Flop Distribution
3. Detailed Control Set Information

1. Summary
----------

+-------------------------------------------------------------------+-------+
|                               Status                              | Count |
+-------------------------------------------------------------------+-------+
| Number of unique control sets                                     |     2 |
| Minimum Number of register sites lost to control set restrictions |     5 |
+-------------------------------------------------------------------+-------+


2. Flip-Flop Distribution
-------------------------

+--------------+-----------------------+------------------------+-----------------+--------------+
| Clock Enable | Synchronous Set/Reset | Asynchronous Set/Reset | Total Registers | Total Slices |
+--------------+-----------------------+------------------------+-----------------+--------------+
| No           | No                    | No                     |              27 |            8 |
| No           | No                    | Yes                    |               0 |            0 |
| No           | Yes                   | No                     |               0 |            0 |
| Yes          | No                    | No                     |               8 |            1 |
| Yes          | No                    | Yes                    |               0 |            0 |
| Yes          | Yes                   | No                     |               0 |            0 |
+--------------+-----------------------+------------------------+-----------------+--------------+


3. Detailed Control Set Information
-----------------------------------

+------------------+---------------+------------------+------------------+----------------+
|   Clock Signal   | Enable Signal | Set/Reset Signal | Slice Load Count | Bel Load Count |
+------------------+---------------+------------------+------------------+----------------+
|  sck_IBUF_BUFG   | slct          |                  |                1 |              8 |
|  CLOCK_IBUF_BUFG |               |                  |                8 |             27 |
+------------------+---------------+------------------+------------------+----------------+


